%!Adobe-FontList 1.16
%Locale:0x409

%BeginFont
Handler:DirectoryHandler
FontType:Type1
FontName:Dosis-Light
FamilyName:Dosis
StyleName:Light
MenuName:Dosis
StyleBits:0
WeightClass:300
WidthClass:5
AngleClass:0
FullName:Dosis Light
WritingScript:Roman
OutlineFileName:\Dosis-Light.otf
DataFormat:sfntData
UsesStandardEncoding:yes
isCFF:yes
FileLength:59028
FileModTime:1373039010
NameArray:0,Mac,4,Dosis Light
NameArray:0,Win,1,Dosis
%EndFont

%BeginFont
Handler:DirectoryHandler
FontType:Type1
FontName:Dosis-Regular
FamilyName:Dosis
StyleName:Regular
MenuName:Dosis
StyleBits:0
WeightClass:400
WidthClass:5
AngleClass:0
FullName:Dosis
WritingScript:Roman
OutlineFileName:\Dosis-Regular.otf
DataFormat:sfntData
UsesStandardEncoding:yes
isCFF:yes
FileLength:59944
FileModTime:1373039012
NameArray:0,Mac,4,Dosis
NameArray:0,Win,1,Dosis
%EndFont

